# JRE version: OpenJDK Runtime Environment (11.0.10) (build 11.0.10+0-b96-7249189)
# Java VM: OpenJDK 64-Bit Server VM (11.0.10+0-b96-7249189, mixed mode, tiered, compressed oops, g1 gc, windows-amd64)
Heap:
 garbage-first heap   total 504832K, used 182635K [0x0000000080000000, 0x0000000100000000)
  region size 1024K, 14 young (14336K), 14 survivors (14336K)
 Metaspace       used 121796K, capacity 126315K, committed 126464K, reserved 1159168K
  class space    used 15598K, capacity 17358K, committed 17408K, reserved 1048576K
GC Heap History (20 events):
Event: 5259.486 GC heap after
{Heap after GC invocations=27 (full 0):
 garbage-first heap   total 393216K, used 162561K [0x0000000080000000, 0x0000000100000000)
  region size 1024K, 6 young (6144K), 6 survivors (6144K)
 Metaspace       used 120400K, capacity 124859K, committed 125056K, reserved 1157120K
  class space    used 15497K, capacity 17169K, committed 17280K, reserved 1048576K
}
Event: 5259.742 GC heap before
{Heap before GC invocations=27 (full 0):
 garbage-first heap   total 393216K, used 322305K [0x0000000080000000, 0x0000000100000000)
  region size 1024K, 162 young (165888K), 6 survivors (6144K)
 Metaspace       used 120797K, capacity 125225K, committed 125568K, reserved 1157120K
  class space    used 15506K, capacity 17179K, committed 17280K, reserved 1048576K
}
Event: 5259.751 GC heap after
{Heap after GC invocations=28 (full 0):
 garbage-first heap   total 393216K, used 165231K [0x0000000080000000, 0x0000000100000000)
  region size 1024K, 8 young (8192K), 8 survivors (8192K)
 Metaspace       used 120797K, capacity 125225K, committed 125568K, reserved 1157120K
  class space    used 15506K, capacity 17179K, committed 17280K, reserved 1048576K
}
Event: 5260.011 GC heap before
{Heap before GC invocations=28 (full 0):
 garbage-first heap   total 393216K, used 327023K [0x0000000080000000, 0x0000000100000000)
  region size 1024K, 166 young (169984K), 8 survivors (8192K)
 Metaspace       used 121027K, capacity 125445K, committed 125568K, reserved 1157120K
  class space    used 15517K, capacity 17225K, committed 17280K, reserved 1048576K
}
Event: 5260.020 GC heap after
{Heap after GC invocations=29 (full 0):
 garbage-first heap   total 393216K, used 166394K [0x0000000080000000, 0x0000000100000000)
  region size 1024K, 10 young (10240K), 10 survivors (10240K)
 Metaspace       used 121027K, capacity 125445K, committed 125568K, reserved 1157120K
  class space    used 15517K, capacity 17225K, committed 17280K, reserved 1048576K
}
Event: 5260.215 GC heap before
{Heap before GC invocations=29 (full 0):
 garbage-first heap   total 393216K, used 328186K [0x0000000080000000, 0x0000000100000000)
  region size 1024K, 169 young (173056K), 10 survivors (10240K)
 Metaspace       used 121130K, capacity 125582K, committed 125824K, reserved 1157120K
  class space    used 15517K, capacity 17226K, committed 17280K, reserved 1048576K
}
Event: 5260.226 GC heap after
{Heap after GC invocations=30 (full 0):
 garbage-first heap   total 393216K, used 168466K [0x0000000080000000, 0x0000000100000000)
  region size 1024K, 12 young (12288K), 12 survivors (12288K)
 Metaspace       used 121130K, capacity 125582K, committed 125824K, reserved 1157120K
  class space    used 15517K, capacity 17226K, committed 17280K, reserved 1048576K
}
Event: 5260.425 GC heap before
{Heap before GC invocations=30 (full 0):
 garbage-first heap   total 393216K, used 332306K [0x0000000080000000, 0x0000000100000000)
  region size 1024K, 172 young (176128K), 12 survivors (12288K)
 Metaspace       used 121449K, capacity 126003K, committed 126208K, reserved 1159168K
  class space    used 15583K, capacity 17334K, committed 17408K, reserved 1048576K
}
Event: 5260.435 GC heap after
{Heap after GC invocations=31 (full 0):
 garbage-first heap   total 393216K, used 169327K [0x0000000080000000, 0x0000000100000000)
  region size 1024K, 12 young (12288K), 12 survivors (12288K)
 Metaspace       used 121449K, capacity 126003K, committed 126208K, reserved 1159168K
  class space    used 15583K, capacity 17334K, committed 17408K, reserved 1048576K
}
Event: 5260.665 GC heap before
{Heap before GC invocations=31 (full 0):
 garbage-first heap   total 393216K, used 334191K [0x0000000080000000, 0x0000000100000000)
  region size 1024K, 174 young (178176K), 12 survivors (12288K)
 Metaspace       used 121642K, capacity 126219K, committed 126464K, reserved 1159168K
  class space    used 15598K, capacity 17358K, committed 17408K, reserved 1048576K
}
Event: 5260.677 GC heap after
{Heap after GC invocations=32 (full 0):
 garbage-first heap   total 393216K, used 170213K [0x0000000080000000, 0x0000000100000000)
  region size 1024K, 11 young (11264K), 11 survivors (11264K)
 Metaspace       used 121642K, capacity 126219K, committed 126464K, reserved 1159168K
  class space    used 15598K, capacity 17358K, committed 17408K, reserved 1048576K
}
Event: 5260.916 GC heap before
{Heap before GC invocations=32 (full 0):
 garbage-first heap   total 393216K, used 337125K [0x0000000080000000, 0x0000000100000000)
  region size 1024K, 174 young (178176K), 11 survivors (11264K)
 Metaspace       used 121692K, capacity 126225K, committed 126464K, reserved 1159168K
  class space    used 15598K, capacity 17358K, committed 17408K, reserved 1048576K
}
Event: 5260.927 GC heap after
{Heap after GC invocations=33 (full 0):
 garbage-first heap   total 393216K, used 171445K [0x0000000080000000, 0x0000000100000000)
  region size 1024K, 13 young (13312K), 13 survivors (13312K)
 Metaspace       used 121692K, capacity 126225K, committed 126464K, reserved 1159168K
  class space    used 15598K, capacity 17358K, committed 17408K, reserved 1048576K
}
Event: 5261.177 GC heap before
{Heap before GC invocations=33 (full 0):
 garbage-first heap   total 393216K, used 338357K [0x0000000080000000, 0x0000000100000000)
  region size 1024K, 176 young (180224K), 13 survivors (13312K)
 Metaspace       used 121706K, capacity 126225K, committed 126464K, reserved 1159168K
  class space    used 15598K, capacity 17358K, committed 17408K, reserved 1048576K
}
Event: 5261.190 GC heap after
{Heap after GC invocations=34 (full 0):
 garbage-first heap   total 393216K, used 173947K [0x0000000080000000, 0x0000000100000000)
  region size 1024K, 15 young (15360K), 15 survivors (15360K)
 Metaspace       used 121706K, capacity 126225K, committed 126464K, reserved 1159168K
  class space    used 15598K, capacity 17358K, committed 17408K, reserved 1048576K
}
Event: 5261.390 GC heap before
{Heap before GC invocations=34 (full 0):
 garbage-first heap   total 393216K, used 335739K [0x0000000080000000, 0x0000000100000000)
  region size 1024K, 174 young (178176K), 15 survivors (15360K)
 Metaspace       used 121785K, capacity 126315K, committed 126464K, reserved 1159168K
  class space    used 15598K, capacity 17358K, committed 17408K, reserved 1048576K
}
Event: 5261.404 GC heap after
{Heap after GC invocations=35 (full 0):
 garbage-first heap   total 393216K, used 177333K [0x0000000080000000, 0x0000000100000000)
  region size 1024K, 15 young (15360K), 15 survivors (15360K)
 Metaspace       used 121785K, capacity 126315K, committed 126464K, reserved 1159168K
  class space    used 15598K, capacity 17358K, committed 17408K, reserved 1048576K
}
Event: 5261.602 GC heap before
{Heap before GC invocations=35 (full 0):
 garbage-first heap   total 393216K, used 337077K [0x0000000080000000, 0x0000000100000000)
  region size 1024K, 171 young (175104K), 15 survivors (15360K)
 Metaspace       used 121788K, capacity 126315K, committed 126464K, reserved 1159168K
  class space    used 15598K, capacity 17358K, committed 17408K, reserved 1048576K
}
Event: 5261.620 GC heap after
{Heap after GC invocations=36 (full 0):
 garbage-first heap   total 393216K, used 180712K [0x0000000080000000, 0x0000000100000000)
  region size 1024K, 16 young (16384K), 16 survivors (16384K)
 Metaspace       used 121788K, capacity 126315K, committed 126464K, reserved 1159168K
  class space    used 15598K, capacity 17358K, committed 17408K, reserved 1048576K
}
Event: 5261.792 GC heap before
{Heap before GC invocations=36 (full 0):
 garbage-first heap   total 393216K, used 335336K [0x0000000080000000, 0x0000000100000000)
  region size 1024K, 168 young (172032K), 16 survivors (16384K)
 Metaspace       used 121796K, capacity 126315K, committed 126464K, reserved 1159168K
  class space    used 15598K, capacity 17358K, committed 17408K, reserved 1048576K
}

