# JRE version: OpenJDK Runtime Environment (11.0.10) (build 11.0.10+0-b96-7249189)
# Java VM: OpenJDK 64-Bit Server VM (11.0.10+0-b96-7249189, mixed mode, tiered, compressed oops, g1 gc, windows-amd64)
Heap:
 garbage-first heap   total 478208K, used 186187K [0x0000000080000000, 0x0000000100000000)
  region size 1024K, 14 young (14336K), 14 survivors (14336K)
 Metaspace       used 101693K, capacity 105875K, committed 106060K, reserved 1140736K
  class space    used 13694K, capacity 15384K, committed 15436K, reserved 1048576K
GC Heap History (20 events):
Event: 77.999 GC heap after
{Heap after GC invocations=19 (full 0):
 garbage-first heap   total 393216K, used 159347K [0x0000000080000000, 0x0000000100000000)
  region size 1024K, 9 young (9216K), 9 survivors (9216K)
 Metaspace       used 99664K, capacity 103537K, committed 104012K, reserved 1138688K
  class space    used 13447K, capacity 15001K, committed 15180K, reserved 1048576K
}
Event: 78.237 GC heap before
{Heap before GC invocations=19 (full 0):
 garbage-first heap   total 393216K, used 318067K [0x0000000080000000, 0x0000000100000000)
  region size 1024K, 164 young (167936K), 9 survivors (9216K)
 Metaspace       used 99891K, capacity 103707K, committed 104012K, reserved 1138688K
  class space    used 13459K, capacity 15010K, committed 15180K, reserved 1048576K
}
Event: 78.246 GC heap after
{Heap after GC invocations=20 (full 0):
 garbage-first heap   total 393216K, used 161280K [0x0000000080000000, 0x0000000100000000)
  region size 1024K, 10 young (10240K), 10 survivors (10240K)
 Metaspace       used 99891K, capacity 103707K, committed 104012K, reserved 1138688K
  class space    used 13459K, capacity 15010K, committed 15180K, reserved 1048576K
}
Event: 78.471 GC heap before
{Heap before GC invocations=20 (full 0):
 garbage-first heap   total 393216K, used 324096K [0x0000000080000000, 0x0000000100000000)
  region size 1024K, 169 young (173056K), 10 survivors (10240K)
 Metaspace       used 100135K, capacity 104094K, committed 104268K, reserved 1138688K
  class space    used 13502K, capacity 15100K, committed 15180K, reserved 1048576K
}
Event: 78.482 GC heap after
{Heap after GC invocations=21 (full 0):
 garbage-first heap   total 393216K, used 163689K [0x0000000080000000, 0x0000000100000000)
  region size 1024K, 13 young (13312K), 13 survivors (13312K)
 Metaspace       used 100135K, capacity 104094K, committed 104268K, reserved 1138688K
  class space    used 13502K, capacity 15100K, committed 15180K, reserved 1048576K
}
Event: 78.710 GC heap before
{Heap before GC invocations=21 (full 0):
 garbage-first heap   total 393216K, used 326505K [0x0000000080000000, 0x0000000100000000)
  region size 1024K, 172 young (176128K), 13 survivors (13312K)
 Metaspace       used 100220K, capacity 104166K, committed 104268K, reserved 1138688K
  class space    used 13510K, capacity 15102K, committed 15180K, reserved 1048576K
}
Event: 78.724 GC heap after
{Heap after GC invocations=22 (full 0):
 garbage-first heap   total 393216K, used 165379K [0x0000000080000000, 0x0000000100000000)
  region size 1024K, 13 young (13312K), 13 survivors (13312K)
 Metaspace       used 100220K, capacity 104166K, committed 104268K, reserved 1138688K
  class space    used 13510K, capacity 15102K, committed 15180K, reserved 1048576K
}
Event: 78.947 GC heap before
{Heap before GC invocations=22 (full 0):
 garbage-first heap   total 393216K, used 329219K [0x0000000080000000, 0x0000000100000000)
  region size 1024K, 174 young (178176K), 13 survivors (13312K)
 Metaspace       used 100299K, capacity 104244K, committed 104524K, reserved 1138688K
  class space    used 13519K, capacity 15104K, committed 15180K, reserved 1048576K
}
Event: 78.958 GC heap after
{Heap after GC invocations=23 (full 0):
 garbage-first heap   total 393216K, used 167815K [0x0000000080000000, 0x0000000100000000)
  region size 1024K, 13 young (13312K), 13 survivors (13312K)
 Metaspace       used 100299K, capacity 104244K, committed 104524K, reserved 1138688K
  class space    used 13519K, capacity 15104K, committed 15180K, reserved 1048576K
}
Event: 79.199 GC heap before
{Heap before GC invocations=23 (full 0):
 garbage-first heap   total 393216K, used 333703K [0x0000000080000000, 0x0000000100000000)
  region size 1024K, 175 young (179200K), 13 survivors (13312K)
 Metaspace       used 100377K, capacity 104309K, committed 104524K, reserved 1138688K
  class space    used 13526K, capacity 15104K, committed 15180K, reserved 1048576K
}
Event: 79.214 GC heap after
{Heap after GC invocations=24 (full 0):
 garbage-first heap   total 393216K, used 169284K [0x0000000080000000, 0x0000000100000000)
  region size 1024K, 14 young (14336K), 14 survivors (14336K)
 Metaspace       used 100377K, capacity 104309K, committed 104524K, reserved 1138688K
  class space    used 13526K, capacity 15104K, committed 15180K, reserved 1048576K
}
Event: 79.456 GC heap before
{Heap before GC invocations=24 (full 0):
 garbage-first heap   total 393216K, used 336196K [0x0000000080000000, 0x0000000100000000)
  region size 1024K, 177 young (181248K), 14 survivors (14336K)
 Metaspace       used 100593K, capacity 104576K, committed 104908K, reserved 1138688K
  class space    used 13555K, capacity 15170K, committed 15308K, reserved 1048576K
}
Event: 79.470 GC heap after
{Heap after GC invocations=25 (full 0):
 garbage-first heap   total 393216K, used 171443K [0x0000000080000000, 0x0000000100000000)
  region size 1024K, 14 young (14336K), 14 survivors (14336K)
 Metaspace       used 100593K, capacity 104576K, committed 104908K, reserved 1138688K
  class space    used 13555K, capacity 15170K, committed 15308K, reserved 1048576K
}
Event: 79.704 GC heap before
{Heap before GC invocations=25 (full 0):
 garbage-first heap   total 393216K, used 338355K [0x0000000080000000, 0x0000000100000000)
  region size 1024K, 177 young (181248K), 14 survivors (14336K)
 Metaspace       used 100916K, capacity 104936K, committed 105164K, reserved 1138688K
  class space    used 13598K, capacity 15222K, committed 15308K, reserved 1048576K
}
Event: 79.717 GC heap after
{Heap after GC invocations=26 (full 0):
 garbage-first heap   total 393216K, used 174223K [0x0000000080000000, 0x0000000100000000)
  region size 1024K, 15 young (15360K), 15 survivors (15360K)
 Metaspace       used 100916K, capacity 104936K, committed 105164K, reserved 1138688K
  class space    used 13598K, capacity 15222K, committed 15308K, reserved 1048576K
}
Event: 79.962 GC heap before
{Heap before GC invocations=26 (full 0):
 garbage-first heap   total 393216K, used 337039K [0x0000000080000000, 0x0000000100000000)
  region size 1024K, 174 young (178176K), 15 survivors (15360K)
 Metaspace       used 101198K, capacity 105281K, committed 105420K, reserved 1138688K
  class space    used 13642K, capacity 15271K, committed 15308K, reserved 1048576K
}
Event: 79.975 GC heap after
{Heap after GC invocations=27 (full 0):
 garbage-first heap   total 393216K, used 176261K [0x0000000080000000, 0x0000000100000000)
  region size 1024K, 14 young (14336K), 14 survivors (14336K)
 Metaspace       used 101198K, capacity 105281K, committed 105420K, reserved 1138688K
  class space    used 13642K, capacity 15271K, committed 15308K, reserved 1048576K
}
Event: 80.219 GC heap before
{Heap before GC invocations=27 (full 0):
 garbage-first heap   total 393216K, used 337029K [0x0000000080000000, 0x0000000100000000)
  region size 1024K, 172 young (176128K), 14 survivors (14336K)
 Metaspace       used 101510K, capacity 105612K, committed 105804K, reserved 1140736K
  class space    used 13682K, capacity 15341K, committed 15436K, reserved 1048576K
}
Event: 80.233 GC heap after
{Heap after GC invocations=28 (full 0):
 garbage-first heap   total 393216K, used 181887K [0x0000000080000000, 0x0000000100000000)
  region size 1024K, 17 young (17408K), 17 survivors (17408K)
 Metaspace       used 101510K, capacity 105612K, committed 105804K, reserved 1140736K
  class space    used 13682K, capacity 15341K, committed 15436K, reserved 1048576K
}
Event: 80.422 GC heap before
{Heap before GC invocations=28 (full 0):
 garbage-first heap   total 393216K, used 335487K [0x0000000080000000, 0x0000000100000000)
  region size 1024K, 166 young (169984K), 17 survivors (17408K)
 Metaspace       used 101693K, capacity 105875K, committed 106060K, reserved 1140736K
  class space    used 13694K, capacity 15384K, committed 15436K, reserved 1048576K
}

